Fri Mar 29 2024 16:24:4 } [PH] error: 
Invalid `prisma.appointment.findMany()` invocation:


Can't reach database server at `localhost`:`5432`

Please make sure your database server is running at `localhost`:`5432`.
Fri Mar 29 2024 16:25:4 } [PH] error: 
Invalid `prisma.appointment.findMany()` invocation:


Can't reach database server at `localhost`:`5432`

Please make sure your database server is running at `localhost`:`5432`.
Fri Mar 29 2024 16:26:5 } [PH] error: 
Invalid `prisma.appointment.findMany()` invocation:


Can't reach database server at `localhost`:`5432`

Please make sure your database server is running at `localhost`:`5432`.
Fri Mar 29 2024 16:27:4 } [PH] error: 
Invalid `prisma.appointment.findMany()` invocation:


Can't reach database server at `localhost`:`5432`

Please make sure your database server is running at `localhost`:`5432`.
Fri Mar 29 2024 16:28:5 } [PH] error: 
Invalid `prisma.appointment.findMany()` invocation:


Can't reach database server at `localhost`:`5432`

Please make sure your database server is running at `localhost`:`5432`.
Fri Mar 29 2024 16:29:4 } [PH] error: 
Invalid `prisma.appointment.findMany()` invocation:


Can't reach database server at `localhost`:`5432`

Please make sure your database server is running at `localhost`:`5432`.
Fri Mar 29 2024 16:30:4 } [PH] error: 
Invalid `prisma.appointment.findMany()` invocation:


Can't reach database server at `localhost`:`5432`

Please make sure your database server is running at `localhost`:`5432`.
Fri Mar 29 2024 16:31:4 } [PH] error: 
Invalid `prisma.appointment.findMany()` invocation:


Can't reach database server at `localhost`:`5432`

Please make sure your database server is running at `localhost`:`5432`.
Fri Mar 29 2024 16:32:4 } [PH] error: 
Invalid `prisma.appointment.findMany()` invocation:


Can't reach database server at `localhost`:`5432`

Please make sure your database server is running at `localhost`:`5432`.
Fri Mar 29 2024 16:33:4 } [PH] error: 
Invalid `prisma.appointment.findMany()` invocation:


Can't reach database server at `localhost`:`5432`

Please make sure your database server is running at `localhost`:`5432`.
Fri Mar 29 2024 16:34:4 } [PH] error: 
Invalid `prisma.appointment.findMany()` invocation:


Can't reach database server at `localhost`:`5432`

Please make sure your database server is running at `localhost`:`5432`.
Fri Mar 29 2024 16:35:4 } [PH] error: 
Invalid `prisma.appointment.findMany()` invocation:


Can't reach database server at `localhost`:`5432`

Please make sure your database server is running at `localhost`:`5432`.
Fri Mar 29 2024 16:36:4 } [PH] error: 
Invalid `prisma.appointment.findMany()` invocation:


Can't reach database server at `localhost`:`5432`

Please make sure your database server is running at `localhost`:`5432`.
Fri Mar 29 2024 16:37:4 } [PH] error: 
Invalid `prisma.appointment.findMany()` invocation:


Can't reach database server at `localhost`:`5432`

Please make sure your database server is running at `localhost`:`5432`.
Fri Mar 29 2024 16:38:4 } [PH] error: 
Invalid `prisma.appointment.findMany()` invocation:


Can't reach database server at `localhost`:`5432`

Please make sure your database server is running at `localhost`:`5432`.
Fri Mar 29 2024 16:39:4 } [PH] error: 
Invalid `prisma.appointment.findMany()` invocation:


Can't reach database server at `localhost`:`5432`

Please make sure your database server is running at `localhost`:`5432`.
Fri Mar 29 2024 16:40:4 } [PH] error: 
Invalid `prisma.appointment.findMany()` invocation:


Can't reach database server at `localhost`:`5432`

Please make sure your database server is running at `localhost`:`5432`.
Fri Mar 29 2024 16:41:4 } [PH] error: 
Invalid `prisma.appointment.findMany()` invocation:


Can't reach database server at `localhost`:`5432`

Please make sure your database server is running at `localhost`:`5432`.
Fri Mar 29 2024 16:42:4 } [PH] error: 
Invalid `prisma.appointment.findMany()` invocation:


Can't reach database server at `localhost`:`5432`

Please make sure your database server is running at `localhost`:`5432`.
Fri Mar 29 2024 16:43:4 } [PH] error: 
Invalid `prisma.appointment.findMany()` invocation:


Can't reach database server at `localhost`:`5432`

Please make sure your database server is running at `localhost`:`5432`.
Fri Mar 29 2024 16:44:4 } [PH] error: 
Invalid `prisma.appointment.findMany()` invocation:


Can't reach database server at `localhost`:`5432`

Please make sure your database server is running at `localhost`:`5432`.
Fri Mar 29 2024 16:45:1 } [PH] error: 
Invalid `prisma.appointment.findMany()` invocation:


Authentication failed against database server at `localhost`, the provided database credentials for `USERNAME` are not valid.

Please make sure to provide valid database credentials for the database server at `localhost`.
Fri Mar 29 2024 16:46:0 } [PH] error: 
Invalid `prisma.appointment.findMany()` invocation:


Authentication failed against database server at `localhost`, the provided database credentials for `USERNAME` are not valid.

Please make sure to provide valid database credentials for the database server at `localhost`.
Fri Mar 29 2024 16:47:0 } [PH] error: 
Invalid `prisma.appointment.findMany()` invocation:


Authentication failed against database server at `localhost`, the provided database credentials for `USERNAME` are not valid.

Please make sure to provide valid database credentials for the database server at `localhost`.
Fri Mar 29 2024 16:48:0 } [PH] error: 
Invalid `prisma.appointment.findMany()` invocation:


Authentication failed against database server at `localhost`, the provided database credentials for `USERNAME` are not valid.

Please make sure to provide valid database credentials for the database server at `localhost`.
Fri Mar 29 2024 16:49:0 } [PH] error: 
Invalid `prisma.appointment.findMany()` invocation:


Authentication failed against database server at `localhost`, the provided database credentials for `USERNAME` are not valid.

Please make sure to provide valid database credentials for the database server at `localhost`.
Fri Mar 29 2024 16:50:0 } [PH] error: 
Invalid `prisma.appointment.findMany()` invocation:


Authentication failed against database server at `localhost`, the provided database credentials for `USERNAME` are not valid.

Please make sure to provide valid database credentials for the database server at `localhost`.
Fri Mar 29 2024 16:51:0 } [PH] error: 
Invalid `prisma.appointment.findMany()` invocation:


Authentication failed against database server at `localhost`, the provided database credentials for `USERNAME` are not valid.

Please make sure to provide valid database credentials for the database server at `localhost`.
Fri Mar 29 2024 16:52:1 } [PH] error: 
Invalid `prisma.appointment.findMany()` invocation:


Authentication failed against database server at `localhost`, the provided database credentials for `USERNAME` are not valid.

Please make sure to provide valid database credentials for the database server at `localhost`.
Fri Mar 29 2024 16:53:0 } [PH] error: 
Invalid `prisma.appointment.findMany()` invocation:


Authentication failed against database server at `localhost`, the provided database credentials for `USERNAME` are not valid.

Please make sure to provide valid database credentials for the database server at `localhost`.
